Maps loaded from narrow_path.json
Current mode: simple with 304 obstacles
c:\Chetan\BTP 2\plot_advancements\plot_advancement_2.py:579: UserWarning: frames=count(0) which we can infer the length of, did not pass an explicit *save_count* and passed cache_frame_data=True.  To avoid a possibly unbounded cache, frame data caching has been disabled. To suppress this warning either pass `cache_frame_data=False` or `save_count=MAX_FRAMES`.
  ani = animation.FuncAnimation(
Frame: 0
*************************
R_1: Branch 1 
R_2: Branch 1 
*************************
Frame: 1
*************************
R_1 moved to (27, 14)
R_2 moved to (27, 32)
R_1: Branch 1 
R_2: Branch 2 
*************************
Frame: 2
*************************
R_1 moved to (27, 15)
R_2 moved to (27, 31)
R_1: Branch 1 
R_2: Branch 2 
*************************
Frame: 3
*************************
R_1 moved to (27, 16)
R_2 moved to (27, 30)
R_1: Branch 1 
R_2: Branch 2 
*************************
Frame: 4
*************************
R_1 moved to (27, 17)
R_2 moved to (27, 29)
R_1: Branch 1 
R_2: Branch 2 
*************************
Frame: 5
*************************
R_1 moved to (27, 18)
R_2 moved to (27, 28)
R_1: Branch 1 
R_2: Branch 2 
*************************
Frame: 6
*************************
R_1 moved to (27, 19)
R_2 moved to (27, 27)
R_1: Branch 2 
R_2: Branch 2 
*************************
Frame: 7
*************************
R_1 moved to (27, 20)
R_2 moved to (27, 26)
R_1: Branch 2 
R_2: Branch 2 
*************************
Frame: 8
*************************
R_1 moved to (27, 21)
R_2 moved to (27, 25)
R_1: Branch 2 
R_2: Branch 2 
*************************
Frame: 9
*************************
R_1 moved to (27, 22)
R_2 moved to (27, 24)
R_1: Branch 2 
R_2: Branch 2 
Mid point conflict between R_1 and R_2
*************************
Frame: 10
*************************
R_1 moved to (27, 23)
R_2 moved to (27, 24)
R_1: Branch 6 
R_1: 31% Narrow path covered
R_1: True
R_1: 25 steps Remain
R_1: (27, 22)
R_2: Branch 6 
R_2: 62% Narrow path covered
R_2: True
some error occured in getting back position
R_2: 17 steps Remain
R_2: (27, 23)
*************************
Frame: 11
*************************
R_1 moved to (27, 22)
R_2 moved to (27, 23)
R_1: Branch 6 
R_1: 26% Narrow path covered
R_1: True
R_1: 24 steps Remain
R_1: (27, 21)
R_2: Branch 6 
R_2: 68% Narrow path covered
R_2: True
R_2: 17 steps Remain
R_2: (27, 22)
*************************
Frame: 12
*************************
R_1 moved to (27, 21)
R_2 moved to (27, 22)
R_1: Branch 6 
R_1: 21% Narrow path covered
R_1: True
R_1: 25 steps Remain
R_1: (27, 20)
R_2: Branch 6 
R_2: 75% Narrow path covered
R_2: True
R_2: 16 steps Remain
R_2: (27, 21)
*************************
Frame: 13
*************************
R_1 moved to (27, 20)
R_2 moved to (27, 21)
R_1: Branch 6 
R_1: 15% Narrow path covered
R_1: True
R_1: 26 steps Remain
R_1: (27, 19)
R_2: Branch 6 
R_2: 81% Narrow path covered
R_2: True
R_2: 15 steps Remain
R_2: (27, 20)
*************************
Frame: 14
*************************
R_1 moved to (27, 19)
R_2 moved to (27, 20)
R_1: Branch 6 
R_1: 10% Narrow path covered
R_1: True
R_1: 27 steps Remain
R_1: (27, 18)
R_2: Branch 6 
R_2: 87% Narrow path covered
R_2: True
R_2: 14 steps Remain
R_2: (27, 19)
*************************
Frame: 15
*************************
R_1 moved to (27, 18)
R_2 moved to (27, 19)
R_1: Branch 6 
R_1: 5% Narrow path covered
R_1: True
R_1: 28 steps Remain
R_1: (26, 17)
R_2: Branch 6 
R_2: 93% Narrow path covered
R_2: True
R_2: 13 steps Remain
R_2: (27, 18)
*************************
Frame: 16
*************************
R_1 moved to (26, 17)
R_2 moved to (27, 18)
R_1: Branch 7 
R_2: Branch 6 
R_2: 100% Narrow path covered
R_2: True
R_2: 12 steps Remain
R_2: (27, 17)
*************************
Frame: 17
*************************
R_1 moved to (26, 17)
R_2 moved to (27, 17)
R_1: Branch 7 
R_2: Branch 7 
*************************
Frame: 18
*************************
R_1 moved to (25, 18)
R_2 moved to (28, 17)
R_1: Branch 3 
R_2: Branch 3 
*************************
Frame: 19
*************************
R_1 moved to (25, 17)
R_2 moved to (27, 17)
R_1: Branch 1 
R_2: Branch 1 
Mid point conflict between R_1 and R_2
R_2: in deadlock, randomizing
True
*************************
Frame: 20
*************************
R_1 moved to (26, 17)
R_2 moved to (27, 18)
R_1: Branch 5 
R_2: Branch 7 
R_1: in deadlock, randomizing
True
*************************
Frame: 21
*************************
R_1 moved to (25, 16)
R_2 moved to (27, 19)
R_1: Branch 3 
R_2: Branch 4 
*************************
Frame: 22
*************************
R_1 moved to (26, 17)
R_2 moved to (27, 18)
R_1: Branch 5 
'NoneType' object is not subscriptable
Traceback (most recent call last):
  File "c:\Chetan\BTP 2\plot_advancements\plot_advancement_2.py", line 433, in update
    next_pos_all[rid] = algo_switch(
                        ~~~~~~~~~~~^
        rid,
        ^^^^
    ...<2 lines>...
        priority_dict_copies[rid]
        ^^^^^^^^^^^^^^^^^^^^^^^^^
    )
    ^
  File "c:\Chetan\BTP 2\plot_advancements\plot_advancement_2.py", line 303, in algo_switch
    x_distance = Robot_details[name]["Narrow_path_end"][0] - Robot_details[name]["Narrow_path_start"][0]
                 ~~~~~~~~~~~~~~~~~~~~~~~~~~~~~~~~~~~~~~^^^
TypeError: 'NoneType' object is not subscriptable
Frame: 23
*************************
R_1 moved to (26, 17)
R_2 moved to (27, 18)
R_1: Branch 7 
'NoneType' object is not subscriptable
Traceback (most recent call last):
  File "c:\Chetan\BTP 2\plot_advancements\plot_advancement_2.py", line 433, in update
    next_pos_all[rid] = algo_switch(
                        ~~~~~~~~~~~^
        rid,
        ^^^^
    ...<2 lines>...
        priority_dict_copies[rid]
        ^^^^^^^^^^^^^^^^^^^^^^^^^
    )
    ^
  File "c:\Chetan\BTP 2\plot_advancements\plot_advancement_2.py", line 303, in algo_switch
    x_distance = Robot_details[name]["Narrow_path_end"][0] - Robot_details[name]["Narrow_path_start"][0]
                 ~~~~~~~~~~~~~~~~~~~~~~~~~~~~~~~~~~~~~~^^^
TypeError: 'NoneType' object is not subscriptable
Frame: 24
*************************
R_1 moved to (26, 17)
R_2 moved to (27, 18)
R_1: Branch 7 
'NoneType' object is not subscriptable
Traceback (most recent call last):
  File "c:\Chetan\BTP 2\plot_advancements\plot_advancement_2.py", line 433, in update
    next_pos_all[rid] = algo_switch(
                        ~~~~~~~~~~~^
        rid,
        ^^^^
    ...<2 lines>...
        priority_dict_copies[rid]
        ^^^^^^^^^^^^^^^^^^^^^^^^^
    )
    ^
  File "c:\Chetan\BTP 2\plot_advancements\plot_advancement_2.py", line 303, in algo_switch
    x_distance = Robot_details[name]["Narrow_path_end"][0] - Robot_details[name]["Narrow_path_start"][0]
                 ~~~~~~~~~~~~~~~~~~~~~~~~~~~~~~~~~~~~~~^^^
TypeError: 'NoneType' object is not subscriptable
Frame: 25
*************************
R_1 moved to (26, 17)
R_2 moved to (27, 18)
R_1: Branch 7 
'NoneType' object is not subscriptable
Traceback (most recent call last):
  File "c:\Chetan\BTP 2\plot_advancements\plot_advancement_2.py", line 433, in update
    next_pos_all[rid] = algo_switch(
                        ~~~~~~~~~~~^
        rid,
        ^^^^
    ...<2 lines>...
        priority_dict_copies[rid]
        ^^^^^^^^^^^^^^^^^^^^^^^^^
    )
    ^
  File "c:\Chetan\BTP 2\plot_advancements\plot_advancement_2.py", line 303, in algo_switch
    x_distance = Robot_details[name]["Narrow_path_end"][0] - Robot_details[name]["Narrow_path_start"][0]
                 ~~~~~~~~~~~~~~~~~~~~~~~~~~~~~~~~~~~~~~^^^
TypeError: 'NoneType' object is not subscriptable
Frame: 26
*************************
R_1 moved to (26, 17)
R_2 moved to (27, 18)
R_1: Branch 7 
'NoneType' object is not subscriptable
Traceback (most recent call last):
  File "c:\Chetan\BTP 2\plot_advancements\plot_advancement_2.py", line 433, in update
    next_pos_all[rid] = algo_switch(
                        ~~~~~~~~~~~^
        rid,
        ^^^^
    ...<2 lines>...
        priority_dict_copies[rid]
        ^^^^^^^^^^^^^^^^^^^^^^^^^
    )
    ^
  File "c:\Chetan\BTP 2\plot_advancements\plot_advancement_2.py", line 303, in algo_switch
    x_distance = Robot_details[name]["Narrow_path_end"][0] - Robot_details[name]["Narrow_path_start"][0]
                 ~~~~~~~~~~~~~~~~~~~~~~~~~~~~~~~~~~~~~~^^^
TypeError: 'NoneType' object is not subscriptable
Frame: 27
*************************
R_1 moved to (26, 17)
R_2 moved to (27, 18)
R_1: Branch 7 
'NoneType' object is not subscriptable
Traceback (most recent call last):
  File "c:\Chetan\BTP 2\plot_advancements\plot_advancement_2.py", line 433, in update
    next_pos_all[rid] = algo_switch(
                        ~~~~~~~~~~~^
        rid,
        ^^^^
    ...<2 lines>...
        priority_dict_copies[rid]
        ^^^^^^^^^^^^^^^^^^^^^^^^^
    )
    ^
  File "c:\Chetan\BTP 2\plot_advancements\plot_advancement_2.py", line 303, in algo_switch
    x_distance = Robot_details[name]["Narrow_path_end"][0] - Robot_details[name]["Narrow_path_start"][0]
                 ~~~~~~~~~~~~~~~~~~~~~~~~~~~~~~~~~~~~~~^^^
TypeError: 'NoneType' object is not subscriptable
Frame: 28
*************************
R_1 moved to (26, 17)
R_2 moved to (27, 18)
R_1: Branch 7 
'NoneType' object is not subscriptable
Traceback (most recent call last):
  File "c:\Chetan\BTP 2\plot_advancements\plot_advancement_2.py", line 433, in update
    next_pos_all[rid] = algo_switch(
                        ~~~~~~~~~~~^
        rid,
        ^^^^
    ...<2 lines>...
        priority_dict_copies[rid]
        ^^^^^^^^^^^^^^^^^^^^^^^^^
    )
    ^
  File "c:\Chetan\BTP 2\plot_advancements\plot_advancement_2.py", line 303, in algo_switch
    x_distance = Robot_details[name]["Narrow_path_end"][0] - Robot_details[name]["Narrow_path_start"][0]
                 ~~~~~~~~~~~~~~~~~~~~~~~~~~~~~~~~~~~~~~^^^
TypeError: 'NoneType' object is not subscriptable
Frame: 29
*************************
R_1 moved to (26, 17)
R_2 moved to (27, 18)
R_1: Branch 7 
'NoneType' object is not subscriptable
Traceback (most recent call last):
  File "c:\Chetan\BTP 2\plot_advancements\plot_advancement_2.py", line 433, in update
    next_pos_all[rid] = algo_switch(
                        ~~~~~~~~~~~^
        rid,
        ^^^^
    ...<2 lines>...
        priority_dict_copies[rid]
        ^^^^^^^^^^^^^^^^^^^^^^^^^
    )
    ^
  File "c:\Chetan\BTP 2\plot_advancements\plot_advancement_2.py", line 303, in algo_switch
    x_distance = Robot_details[name]["Narrow_path_end"][0] - Robot_details[name]["Narrow_path_start"][0]
                 ~~~~~~~~~~~~~~~~~~~~~~~~~~~~~~~~~~~~~~^^^
TypeError: 'NoneType' object is not subscriptable
Frame: 30
*************************
R_1 moved to (26, 17)
R_2 moved to (27, 18)
R_1: Branch 7 
'NoneType' object is not subscriptable
Traceback (most recent call last):
  File "c:\Chetan\BTP 2\plot_advancements\plot_advancement_2.py", line 433, in update
    next_pos_all[rid] = algo_switch(
                        ~~~~~~~~~~~^
        rid,
        ^^^^
    ...<2 lines>...
        priority_dict_copies[rid]
        ^^^^^^^^^^^^^^^^^^^^^^^^^
    )
    ^
  File "c:\Chetan\BTP 2\plot_advancements\plot_advancement_2.py", line 303, in algo_switch
    x_distance = Robot_details[name]["Narrow_path_end"][0] - Robot_details[name]["Narrow_path_start"][0]
                 ~~~~~~~~~~~~~~~~~~~~~~~~~~~~~~~~~~~~~~^^^
TypeError: 'NoneType' object is not subscriptable
Frame: 31
*************************
R_1 moved to (26, 17)
R_2 moved to (27, 18)
R_1: Branch 7 
'NoneType' object is not subscriptable
Traceback (most recent call last):
  File "c:\Chetan\BTP 2\plot_advancements\plot_advancement_2.py", line 433, in update
    next_pos_all[rid] = algo_switch(
                        ~~~~~~~~~~~^
        rid,
        ^^^^
    ...<2 lines>...
        priority_dict_copies[rid]
        ^^^^^^^^^^^^^^^^^^^^^^^^^
    )
    ^
  File "c:\Chetan\BTP 2\plot_advancements\plot_advancement_2.py", line 303, in algo_switch
    x_distance = Robot_details[name]["Narrow_path_end"][0] - Robot_details[name]["Narrow_path_start"][0]
                 ~~~~~~~~~~~~~~~~~~~~~~~~~~~~~~~~~~~~~~^^^
TypeError: 'NoneType' object is not subscriptable
Frame: 32
*************************
R_1 moved to (26, 17)
R_2 moved to (27, 18)
R_1: Branch 7 
'NoneType' object is not subscriptable
Traceback (most recent call last):
  File "c:\Chetan\BTP 2\plot_advancements\plot_advancement_2.py", line 433, in update
    next_pos_all[rid] = algo_switch(
                        ~~~~~~~~~~~^
        rid,
        ^^^^
    ...<2 lines>...
        priority_dict_copies[rid]
        ^^^^^^^^^^^^^^^^^^^^^^^^^
    )
    ^
  File "c:\Chetan\BTP 2\plot_advancements\plot_advancement_2.py", line 303, in algo_switch
    x_distance = Robot_details[name]["Narrow_path_end"][0] - Robot_details[name]["Narrow_path_start"][0]
                 ~~~~~~~~~~~~~~~~~~~~~~~~~~~~~~~~~~~~~~^^^
TypeError: 'NoneType' object is not subscriptable
Frame: 33
*************************
R_1 moved to (26, 17)
R_2 moved to (27, 18)
R_1: Branch 7 
'NoneType' object is not subscriptable
Traceback (most recent call last):
  File "c:\Chetan\BTP 2\plot_advancements\plot_advancement_2.py", line 433, in update
    next_pos_all[rid] = algo_switch(
                        ~~~~~~~~~~~^
        rid,
        ^^^^
    ...<2 lines>...
        priority_dict_copies[rid]
        ^^^^^^^^^^^^^^^^^^^^^^^^^
    )
    ^
  File "c:\Chetan\BTP 2\plot_advancements\plot_advancement_2.py", line 303, in algo_switch
    x_distance = Robot_details[name]["Narrow_path_end"][0] - Robot_details[name]["Narrow_path_start"][0]
                 ~~~~~~~~~~~~~~~~~~~~~~~~~~~~~~~~~~~~~~^^^
TypeError: 'NoneType' object is not subscriptable
Frame: 34
*************************
R_1 moved to (26, 17)
R_2 moved to (27, 18)
R_1: Branch 7 
'NoneType' object is not subscriptable
Traceback (most recent call last):
  File "c:\Chetan\BTP 2\plot_advancements\plot_advancement_2.py", line 433, in update
    next_pos_all[rid] = algo_switch(
                        ~~~~~~~~~~~^
        rid,
        ^^^^
    ...<2 lines>...
        priority_dict_copies[rid]
        ^^^^^^^^^^^^^^^^^^^^^^^^^
    )
    ^
  File "c:\Chetan\BTP 2\plot_advancements\plot_advancement_2.py", line 303, in algo_switch
    x_distance = Robot_details[name]["Narrow_path_end"][0] - Robot_details[name]["Narrow_path_start"][0]
                 ~~~~~~~~~~~~~~~~~~~~~~~~~~~~~~~~~~~~~~^^^
TypeError: 'NoneType' object is not subscriptable
Frame: 35
*************************
R_1 moved to (26, 17)
R_2 moved to (27, 18)
R_1: Branch 7 
'NoneType' object is not subscriptable
Traceback (most recent call last):
  File "c:\Chetan\BTP 2\plot_advancements\plot_advancement_2.py", line 433, in update
    next_pos_all[rid] = algo_switch(
                        ~~~~~~~~~~~^
        rid,
        ^^^^
    ...<2 lines>...
        priority_dict_copies[rid]
        ^^^^^^^^^^^^^^^^^^^^^^^^^
    )
    ^
  File "c:\Chetan\BTP 2\plot_advancements\plot_advancement_2.py", line 303, in algo_switch
    x_distance = Robot_details[name]["Narrow_path_end"][0] - Robot_details[name]["Narrow_path_start"][0]
                 ~~~~~~~~~~~~~~~~~~~~~~~~~~~~~~~~~~~~~~^^^
TypeError: 'NoneType' object is not subscriptable
Frame: 36
*************************
R_1 moved to (26, 17)
R_2 moved to (27, 18)
R_1: Branch 7 
'NoneType' object is not subscriptable
Traceback (most recent call last):
  File "c:\Chetan\BTP 2\plot_advancements\plot_advancement_2.py", line 433, in update
    next_pos_all[rid] = algo_switch(
                        ~~~~~~~~~~~^
        rid,
        ^^^^
    ...<2 lines>...
        priority_dict_copies[rid]
        ^^^^^^^^^^^^^^^^^^^^^^^^^
    )
    ^
  File "c:\Chetan\BTP 2\plot_advancements\plot_advancement_2.py", line 303, in algo_switch
    x_distance = Robot_details[name]["Narrow_path_end"][0] - Robot_details[name]["Narrow_path_start"][0]
                 ~~~~~~~~~~~~~~~~~~~~~~~~~~~~~~~~~~~~~~^^^
TypeError: 'NoneType' object is not subscriptable
Frame: 37
*************************
R_1 moved to (26, 17)
R_2 moved to (27, 18)
R_1: Branch 7 
'NoneType' object is not subscriptable
Traceback (most recent call last):
  File "c:\Chetan\BTP 2\plot_advancements\plot_advancement_2.py", line 433, in update
    next_pos_all[rid] = algo_switch(
                        ~~~~~~~~~~~^
        rid,
        ^^^^
    ...<2 lines>...
        priority_dict_copies[rid]
        ^^^^^^^^^^^^^^^^^^^^^^^^^
    )
    ^
  File "c:\Chetan\BTP 2\plot_advancements\plot_advancement_2.py", line 303, in algo_switch
    x_distance = Robot_details[name]["Narrow_path_end"][0] - Robot_details[name]["Narrow_path_start"][0]
                 ~~~~~~~~~~~~~~~~~~~~~~~~~~~~~~~~~~~~~~^^^
TypeError: 'NoneType' object is not subscriptable
Frame: 38
*************************
R_1 moved to (26, 17)
R_2 moved to (27, 18)
R_1: Branch 7 
'NoneType' object is not subscriptable
Traceback (most recent call last):
  File "c:\Chetan\BTP 2\plot_advancements\plot_advancement_2.py", line 433, in update
    next_pos_all[rid] = algo_switch(
                        ~~~~~~~~~~~^
        rid,
        ^^^^
    ...<2 lines>...
        priority_dict_copies[rid]
        ^^^^^^^^^^^^^^^^^^^^^^^^^
    )
    ^
  File "c:\Chetan\BTP 2\plot_advancements\plot_advancement_2.py", line 303, in algo_switch
    x_distance = Robot_details[name]["Narrow_path_end"][0] - Robot_details[name]["Narrow_path_start"][0]
                 ~~~~~~~~~~~~~~~~~~~~~~~~~~~~~~~~~~~~~~^^^
TypeError: 'NoneType' object is not subscriptable
Frame: 39
*************************
R_1 moved to (26, 17)
R_2 moved to (27, 18)
R_1: Branch 7 
'NoneType' object is not subscriptable
Traceback (most recent call last):
  File "c:\Chetan\BTP 2\plot_advancements\plot_advancement_2.py", line 433, in update
    next_pos_all[rid] = algo_switch(
                        ~~~~~~~~~~~^
        rid,
        ^^^^
    ...<2 lines>...
        priority_dict_copies[rid]
        ^^^^^^^^^^^^^^^^^^^^^^^^^
    )
    ^
  File "c:\Chetan\BTP 2\plot_advancements\plot_advancement_2.py", line 303, in algo_switch
    x_distance = Robot_details[name]["Narrow_path_end"][0] - Robot_details[name]["Narrow_path_start"][0]
                 ~~~~~~~~~~~~~~~~~~~~~~~~~~~~~~~~~~~~~~^^^
TypeError: 'NoneType' object is not subscriptable
Frame: 40
*************************
R_1 moved to (26, 17)
R_2 moved to (27, 18)
R_1: Branch 7 
'NoneType' object is not subscriptable
Traceback (most recent call last):
  File "c:\Chetan\BTP 2\plot_advancements\plot_advancement_2.py", line 433, in update
    next_pos_all[rid] = algo_switch(
                        ~~~~~~~~~~~^
        rid,
        ^^^^
    ...<2 lines>...
        priority_dict_copies[rid]
        ^^^^^^^^^^^^^^^^^^^^^^^^^
    )
    ^
  File "c:\Chetan\BTP 2\plot_advancements\plot_advancement_2.py", line 303, in algo_switch
    x_distance = Robot_details[name]["Narrow_path_end"][0] - Robot_details[name]["Narrow_path_start"][0]
                 ~~~~~~~~~~~~~~~~~~~~~~~~~~~~~~~~~~~~~~^^^
TypeError: 'NoneType' object is not subscriptable
Frame: 41
*************************
R_1 moved to (26, 17)
R_2 moved to (27, 18)
R_1: Branch 7 
'NoneType' object is not subscriptable
Traceback (most recent call last):
  File "c:\Chetan\BTP 2\plot_advancements\plot_advancement_2.py", line 433, in update
    next_pos_all[rid] = algo_switch(
                        ~~~~~~~~~~~^
        rid,
        ^^^^
    ...<2 lines>...
        priority_dict_copies[rid]
        ^^^^^^^^^^^^^^^^^^^^^^^^^
    )
    ^
  File "c:\Chetan\BTP 2\plot_advancements\plot_advancement_2.py", line 303, in algo_switch
    x_distance = Robot_details[name]["Narrow_path_end"][0] - Robot_details[name]["Narrow_path_start"][0]
                 ~~~~~~~~~~~~~~~~~~~~~~~~~~~~~~~~~~~~~~^^^
TypeError: 'NoneType' object is not subscriptable
Traceback (most recent call last):
  File "c:\Chetan\BTP 2\plot_advancements\plot_advancement_2.py", line 588, in <module>
    plt.show()
    ~~~~~~~~^^
  File "C:\Users\cheta\AppData\Local\Programs\Python\Python313\Lib\site-packages\matplotlib\pyplot.py", line 614, in show
    return _get_backend_mod().show(*args, **kwargs)
           ~~~~~~~~~~~~~~~~~~~~~~~^^^^^^^^^^^^^^^^^
  File "C:\Users\cheta\AppData\Local\Programs\Python\Python313\Lib\site-packages\matplotlib\backend_bases.py", line 3548, in show
    cls.mainloop()
    ~~~~~~~~~~~~^^
  File "C:\Users\cheta\AppData\Local\Programs\Python\Python313\Lib\site-packages\matplotlib\backends\backend_qt.py", line 642, in start_main_loop
    with _allow_interrupt_qt(qapp):
         ~~~~~~~~~~~~~~~~~~~^^^^^^
  File "C:\Users\cheta\AppData\Local\Programs\Python\Python313\Lib\contextlib.py", line 148, in __exit__
    next(self.gen)
    ~~~~^^^^^^^^^^
  File "C:\Users\cheta\AppData\Local\Programs\Python\Python313\Lib\site-packages\matplotlib\backend_bases.py", line 1658, in _allow_interrupt
    old_sigint_handler(*handler_args)
    ~~~~~~~~~~~~~~~~~~^^^^^^^^^^^^^^^
KeyboardInterrupt
